# JRE version: OpenJDK Runtime Environment (8.0_181-b13) (build 1.8.0_181-8u181-b13-0ubuntu0.16.04.1-b13)
# Java VM: OpenJDK 64-Bit Server VM (25.181-b13 mixed mode linux-amd64 compressed oops)
Heap:
 PSYoungGen      total 307712K, used 302326K [0x00000000ec100000, 0x00000000fff80000, 0x0000000100000000)
  eden space 290304K, 100% used [0x00000000ec100000,0x00000000fdc80000,0x00000000fdc80000)
  from space 17408K, 69% used [0x00000000fee80000,0x00000000ffa3dab0,0x00000000fff80000)
  to   space 17920K, 38% used [0x00000000fdc80000,0x00000000fe3315f0,0x00000000fee00000)
 ParOldGen       total 77312K, used 38030K [0x00000000c4200000, 0x00000000c8d80000, 0x00000000ec100000)
  object space 77312K, 49% used [0x00000000c4200000,0x00000000c6723810,0x00000000c8d80000)
 Metaspace       used 69447K, capacity 75322K, committed 75648K, reserved 1114112K
  class space    used 9078K, capacity 10017K, committed 10112K, reserved 1048576K
GC Heap History (10 events):
Event: 1765,896 GC heap after
Heap after GC invocations=58 (full 17):
 PSYoungGen      total 308736K, used 0K [0x00000000ec100000, 0x00000000fff80000, 0x0000000100000000)
  eden space 291328K, 0% used [0x00000000ec100000,0x00000000ec100000,0x00000000fdd80000)
  from space 17408K, 0% used [0x00000000fdd80000,0x00000000fdd80000,0x00000000fee80000)
  to   space 17408K, 0% used [0x00000000fee80000,0x00000000fee80000,0x00000000fff80000)
 ParOldGen       total 77312K, used 36740K [0x00000000c4200000, 0x00000000c8d80000, 0x00000000ec100000)
  object space 77312K, 47% used [0x00000000c4200000,0x00000000c65e12d0,0x00000000c8d80000)
 Metaspace       used 66549K, capacity 70606K, committed 70784K, reserved 1110016K
  class space    used 8673K, capacity 9318K, committed 9344K, reserved 1048576K
}
Event: 1780,531 GC heap before
{Heap before GC invocations=59 (full 17):
 PSYoungGen      total 308736K, used 291328K [0x00000000ec100000, 0x00000000fff80000, 0x0000000100000000)
  eden space 291328K, 100% used [0x00000000ec100000,0x00000000fdd80000,0x00000000fdd80000)
  from space 17408K, 0% used [0x00000000fdd80000,0x00000000fdd80000,0x00000000fee80000)
  to   space 17408K, 0% used [0x00000000fee80000,0x00000000fee80000,0x00000000fff80000)
 ParOldGen       total 77312K, used 36740K [0x00000000c4200000, 0x00000000c8d80000, 0x00000000ec100000)
  object space 77312K, 47% used [0x00000000c4200000,0x00000000c65e12d0,0x00000000c8d80000)
 Metaspace       used 67104K, capacity 71254K, committed 71424K, reserved 1112064K
  class space    used 8722K, capacity 9382K, committed 9472K, reserved 1048576K
Event: 1780,595 GC heap after
Heap after GC invocations=59 (full 17):
 PSYoungGen      total 307200K, used 12896K [0x00000000ec100000, 0x0000000100000000, 0x0000000100000000)
  eden space 289792K, 0% used [0x00000000ec100000,0x00000000ec100000,0x00000000fdc00000)
  from space 17408K, 74% used [0x00000000fee80000,0x00000000ffb18220,0x00000000fff80000)
  to   space 18432K, 0% used [0x00000000fdc00000,0x00000000fdc00000,0x00000000fee00000)
 ParOldGen       total 77312K, used 36748K [0x00000000c4200000, 0x00000000c8d80000, 0x00000000ec100000)
  object space 77312K, 47% used [0x00000000c4200000,0x00000000c65e32d0,0x00000000c8d80000)
 Metaspace       used 67104K, capacity 71254K, committed 71424K, reserved 1112064K
  class space    used 8722K, capacity 9382K, committed 9472K, reserved 1048576K
}
Event: 1889,783 GC heap before
{Heap before GC invocations=60 (full 17):
 PSYoungGen      total 307200K, used 51476K [0x00000000ec100000, 0x0000000100000000, 0x0000000100000000)
  eden space 289792K, 13% used [0x00000000ec100000,0x00000000ee6acf08,0x00000000fdc00000)
  from space 17408K, 74% used [0x00000000fee80000,0x00000000ffb18220,0x00000000fff80000)
  to   space 18432K, 0% used [0x00000000fdc00000,0x00000000fdc00000,0x00000000fee00000)
 ParOldGen       total 77312K, used 36748K [0x00000000c4200000, 0x00000000c8d80000, 0x00000000ec100000)
  object space 77312K, 47% used [0x00000000c4200000,0x00000000c65e32d0,0x00000000c8d80000)
 Metaspace       used 67110K, capacity 71260K, committed 71424K, reserved 1112064K
  class space    used 8722K, capacity 9384K, committed 9472K, reserved 1048576K
Event: 1889,802 GC heap after
Heap after GC invocations=60 (full 17):
 PSYoungGen      total 308224K, used 6581K [0x00000000ec100000, 0x0000000100000000, 0x0000000100000000)
  eden space 289792K, 0% used [0x00000000ec100000,0x00000000ec100000,0x00000000fdc00000)
  from space 18432K, 35% used [0x00000000fdc00000,0x00000000fe26d5d0,0x00000000fee00000)
  to   space 17920K, 0% used [0x00000000fee80000,0x00000000fee80000,0x0000000100000000)
 ParOldGen       total 77312K, used 36756K [0x00000000c4200000, 0x00000000c8d80000, 0x00000000ec100000)
  object space 77312K, 47% used [0x00000000c4200000,0x00000000c65e52d0,0x00000000c8d80000)
 Metaspace       used 67110K, capacity 71260K, committed 71424K, reserved 1112064K
  class space    used 8722K, capacity 9384K, committed 9472K, reserved 1048576K
}
Event: 1889,802 GC heap before
{Heap before GC invocations=61 (full 18):
 PSYoungGen      total 308224K, used 6581K [0x00000000ec100000, 0x0000000100000000, 0x0000000100000000)
  eden space 289792K, 0% used [0x00000000ec100000,0x00000000ec100000,0x00000000fdc00000)
  from space 18432K, 35% used [0x00000000fdc00000,0x00000000fe26d5d0,0x00000000fee00000)
  to   space 17920K, 0% used [0x00000000fee80000,0x00000000fee80000,0x0000000100000000)
 ParOldGen       total 77312K, used 36756K [0x00000000c4200000, 0x00000000c8d80000, 0x00000000ec100000)
  object space 77312K, 47% used [0x00000000c4200000,0x00000000c65e52d0,0x00000000c8d80000)
 Metaspace       used 67110K, capacity 71260K, committed 71424K, reserved 1112064K
  class space    used 8722K, capacity 9384K, committed 9472K, reserved 1048576K
Event: 1890,420 GC heap after
Heap after GC invocations=61 (full 18):
 PSYoungGen      total 308224K, used 0K [0x00000000ec100000, 0x0000000100000000, 0x0000000100000000)
  eden space 289792K, 0% used [0x00000000ec100000,0x00000000ec100000,0x00000000fdc00000)
  from space 18432K, 0% used [0x00000000fdc00000,0x00000000fdc00000,0x00000000fee00000)
  to   space 17920K, 0% used [0x00000000fee80000,0x00000000fee80000,0x0000000100000000)
 ParOldGen       total 77312K, used 38022K [0x00000000c4200000, 0x00000000c8d80000, 0x00000000ec100000)
  object space 77312K, 49% used [0x00000000c4200000,0x00000000c6721810,0x00000000c8d80000)
 Metaspace       used 67074K, capacity 71200K, committed 71424K, reserved 1112064K
  class space    used 8717K, capacity 9373K, committed 9472K, reserved 1048576K
}
Event: 1897,707 GC heap before
{Heap before GC invocations=62 (full 18):
 PSYoungGen      total 308224K, used 289792K [0x00000000ec100000, 0x0000000100000000, 0x0000000100000000)
  eden space 289792K, 100% used [0x00000000ec100000,0x00000000fdc00000,0x00000000fdc00000)
  from space 18432K, 0% used [0x00000000fdc00000,0x00000000fdc00000,0x00000000fee00000)
  to   space 17920K, 0% used [0x00000000fee80000,0x00000000fee80000,0x0000000100000000)
 ParOldGen       total 77312K, used 38022K [0x00000000c4200000, 0x00000000c8d80000, 0x00000000ec100000)
  object space 77312K, 49% used [0x00000000c4200000,0x00000000c6721810,0x00000000c8d80000)
 Metaspace       used 69396K, capacity 75268K, committed 75392K, reserved 1114112K
  class space    used 9072K, capacity 10007K, committed 10112K, reserved 1048576K
Event: 1897,739 GC heap after
Heap after GC invocations=62 (full 18):
 PSYoungGen      total 307712K, used 12022K [0x00000000ec100000, 0x00000000fff80000, 0x0000000100000000)
  eden space 290304K, 0% used [0x00000000ec100000,0x00000000ec100000,0x00000000fdc80000)
  from space 17408K, 69% used [0x00000000fee80000,0x00000000ffa3dab0,0x00000000fff80000)
  to   space 17920K, 0% used [0x00000000fdc80000,0x00000000fdc80000,0x00000000fee00000)
 ParOldGen       total 77312K, used 38030K [0x00000000c4200000, 0x00000000c8d80000, 0x00000000ec100000)
  object space 77312K, 49% used [0x00000000c4200000,0x00000000c6723810,0x00000000c8d80000)
 Metaspace       used 69396K, capacity 75268K, committed 75392K, reserved 1114112K
  class space    used 9072K, capacity 10007K, committed 10112K, reserved 1048576K
}
Event: 2890,831 GC heap before
{Heap before GC invocations=63 (full 18):
 PSYoungGen      total 307712K, used 302326K [0x00000000ec100000, 0x00000000fff80000, 0x0000000100000000)
  eden space 290304K, 100% used [0x00000000ec100000,0x00000000fdc80000,0x00000000fdc80000)
  from space 17408K, 69% used [0x00000000fee80000,0x00000000ffa3dab0,0x00000000fff80000)
  to   space 17920K, 0% used [0x00000000fdc80000,0x00000000fdc80000,0x00000000fee00000)
 ParOldGen       total 77312K, used 38030K [0x00000000c4200000, 0x00000000c8d80000, 0x00000000ec100000)
  object space 77312K, 49% used [0x00000000c4200000,0x00000000c6723810,0x00000000c8d80000)
 Metaspace       used 69447K, capacity 75322K, committed 75648K, reserved 1114112K
  class space    used 9078K, capacity 10017K, committed 10112K, reserved 1048576K

